<?xml version="1.0" encoding="UTF-8"?>
<testsuite name="icd0004.HomePageTests" tests="1" skipped="0" failures="0" errors="0" timestamp="2022-11-01T12:21:54" hostname="9788-d735-28b7-dd44-7c80-8412-07d0-2001.dyn.estpak.ee" time="5.138">
  <properties/>
  <testcase name="canOpenHomePage()" classname="icd0004.HomePageTests" time="5.138"/>
  <system-out><![CDATA[]]></system-out>
  <system-err><![CDATA[SLF4J: No SLF4J providers were found.
SLF4J: Defaulting to no-operation (NOP) logger implementation
SLF4J: See https://www.slf4j.org/codes.html#noProviders for further details.
Starting ChromeDriver 107.0.5304.62 (1eec40d3a5764881c92085aaee66d25075c159aa-refs/branch-heads/5304@{#942}) on port 35558
Only local connections are allowed.
Please see https://chromedriver.chromium.org/security-considerations for suggestions on keeping ChromeDriver safe.
ChromeDriver was started successfully.
Nov 01, 2022 2:21:55 PM org.openqa.selenium.remote.ProtocolHandshake createSession
INFO: Detected upstream dialect: W3C
Nov 01, 2022 2:21:55 PM org.openqa.selenium.devtools.CdpVersionFinder findNearestMatch
WARNING: Unable to find an exact match for CDP version 107, so returning the closest version found: 106
Nov 01, 2022 2:21:55 PM org.openqa.selenium.devtools.CdpVersionFinder findNearestMatch
INFO: Found CDP implementation for version 107 of 106
]]></system-err>
</testsuite>
